<?xml version="1.0" encoding="UTF-8"?>
<testsuite name="RDC_Simple_Test_iOS" tests="1" skipped="0" failures="1" errors="0" timestamp="2020-11-24T17:42:24" hostname="SL-0465" time="113.162">
  <properties/>
  <testcase name="test" classname="RDC_Simple_Test_iOS" time="113.162">
    <failure message="org.openqa.selenium.TimeoutException: Appium did not get any response from 'setUrl' command in 60000 ms (WARNING: The server did not provide any stacktrace information)&#10;Command duration or timeout: 0 milliseconds&#10;Build info: version: '3.141.59', revision: 'e82be7d358', time: '2018-11-14T08:17:03'&#10;System info: host: 'SL-0465', ip: '2605:e000:1301:5c1:0:0:0:11f0%en0', os.name: 'Mac OS X', os.arch: 'x86_64', os.version: '10.15.7', java.version: '1.8.0_272'&#10;Driver info: io.appium.java_client.ios.IOSDriver&#10;Capabilities {additionalWebviewBundleIds: [6BC3K2C3E4.*], appiumVersion: 1.18.1, automationName: XCUITest, browserName: , bundleId: com.saucelabs.SwagLabsMobil..., commandTimeouts: {default: 60000}, databaseEnabled: false, deviceContextId: 71f85346-dfb7-4a72-a566-511..., deviceName: 8a39b4149b02ccd6c416c297252..., deviceOrientation: portrait, javascriptEnabled: true, language: en, locale: en_GB, locationContextEnabled: false, name: RDC IOS Simple Test, networkConnectionEnabled: false, noReset: true, orientation: PORTRAIT, platform: MAC, platformName: iOS, platformVersion: 13.5.1, processArguments: {args: [-AppleLanguages, (en-GB), -AppleLocale, en_GB, -NSLanguages, (en), -AppleLanguages, (en), -NSLanguages, (en), -AppleLocale, en_GB], env: {}}, realDevice: true, takesScreenshot: true, testobject_appium_version: 1.18.1, testobject_device: iPhone_7_13_5_real_us, testobject_device_name: iPhone 7, testobject_device_session_id: 6dd2f075-68ad-4c5c-a3dc-10d..., testobject_platform_name: iOS, testobject_project_id: saucelabs-default, testobject_test_name: RDC IOS Simple Test, testobject_test_report_api_url: https://api.us-west-1.sauce..., testobject_test_report_id: 9, testobject_test_report_url: https://app.saucelabs.com/t..., testobject_user_id: aleks.shineleva, udid: 8a39b4149b02ccd6c416c297252..., webDriverAgentUrl: http://127.0.0.1:5710, webStorageEnabled: false}&#10;Session ID: caf3cfa2-d32a-4d88-8fba-49a125b177a1" type="org.openqa.selenium.TimeoutException">org.openqa.selenium.TimeoutException: Appium did not get any response from 'setUrl' command in 60000 ms (WARNING: The server did not provide any stacktrace information)
Command duration or timeout: 0 milliseconds
Build info: version: '3.141.59', revision: 'e82be7d358', time: '2018-11-14T08:17:03'
System info: host: 'SL-0465', ip: '2605:e000:1301:5c1:0:0:0:11f0%en0', os.name: 'Mac OS X', os.arch: 'x86_64', os.version: '10.15.7', java.version: '1.8.0_272'
Driver info: io.appium.java_client.ios.IOSDriver
Capabilities {additionalWebviewBundleIds: [6BC3K2C3E4.*], appiumVersion: 1.18.1, automationName: XCUITest, browserName: , bundleId: com.saucelabs.SwagLabsMobil..., commandTimeouts: {default: 60000}, databaseEnabled: false, deviceContextId: 71f85346-dfb7-4a72-a566-511..., deviceName: 8a39b4149b02ccd6c416c297252..., deviceOrientation: portrait, javascriptEnabled: true, language: en, locale: en_GB, locationContextEnabled: false, name: RDC IOS Simple Test, networkConnectionEnabled: false, noReset: true, orientation: PORTRAIT, platform: MAC, platformName: iOS, platformVersion: 13.5.1, processArguments: {args: [-AppleLanguages, (en-GB), -AppleLocale, en_GB, -NSLanguages, (en), -AppleLanguages, (en), -NSLanguages, (en), -AppleLocale, en_GB], env: {}}, realDevice: true, takesScreenshot: true, testobject_appium_version: 1.18.1, testobject_device: iPhone_7_13_5_real_us, testobject_device_name: iPhone 7, testobject_device_session_id: 6dd2f075-68ad-4c5c-a3dc-10d..., testobject_platform_name: iOS, testobject_project_id: saucelabs-default, testobject_test_name: RDC IOS Simple Test, testobject_test_report_api_url: https://api.us-west-1.sauce..., testobject_test_report_id: 9, testobject_test_report_url: https://app.saucelabs.com/t..., testobject_user_id: aleks.shineleva, udid: 8a39b4149b02ccd6c416c297252..., webDriverAgentUrl: http://127.0.0.1:5710, webStorageEnabled: false}
Session ID: caf3cfa2-d32a-4d88-8fba-49a125b177a1
	at sun.reflect.NativeConstructorAccessorImpl.newInstance0(Native Method)
	at sun.reflect.NativeConstructorAccessorImpl.newInstance(NativeConstructorAccessorImpl.java:62)
	at sun.reflect.DelegatingConstructorAccessorImpl.newInstance(DelegatingConstructorAccessorImpl.java:45)
	at java.lang.reflect.Constructor.newInstance(Constructor.java:423)
	at org.openqa.selenium.remote.ErrorHandler.createThrowable(ErrorHandler.java:214)
	at org.openqa.selenium.remote.ErrorHandler.throwIfResponseFailed(ErrorHandler.java:166)
	at org.openqa.selenium.remote.http.JsonHttpResponseCodec.reconstructValue(JsonHttpResponseCodec.java:40)
	at org.openqa.selenium.remote.http.AbstractHttpResponseCodec.decode(AbstractHttpResponseCodec.java:80)
	at org.openqa.selenium.remote.http.AbstractHttpResponseCodec.decode(AbstractHttpResponseCodec.java:44)
	at org.openqa.selenium.remote.HttpCommandExecutor.execute(HttpCommandExecutor.java:158)
	at io.appium.java_client.remote.AppiumCommandExecutor.execute(AppiumCommandExecutor.java:239)
	at org.openqa.selenium.remote.RemoteWebDriver.execute(RemoteWebDriver.java:552)
	at io.appium.java_client.DefaultGenericMobileDriver.execute(DefaultGenericMobileDriver.java:42)
	at io.appium.java_client.AppiumDriver.execute(AppiumDriver.java:1)
	at io.appium.java_client.ios.IOSDriver.execute(IOSDriver.java:1)
	at org.openqa.selenium.remote.RemoteWebDriver.get(RemoteWebDriver.java:277)
	at RDC_Simple_Test_iOS.test(RDC_Simple_Test_iOS.java:47)
	at sun.reflect.NativeMethodAccessorImpl.invoke0(Native Method)
	at sun.reflect.NativeMethodAccessorImpl.invoke(NativeMethodAccessorImpl.java:62)
	at sun.reflect.DelegatingMethodAccessorImpl.invoke(DelegatingMethodAccessorImpl.java:43)
	at java.lang.reflect.Method.invoke(Method.java:498)
	at org.junit.runners.model.FrameworkMethod$1.runReflectiveCall(FrameworkMethod.java:50)
	at org.junit.internal.runners.model.ReflectiveCallable.run(ReflectiveCallable.java:12)
	at org.junit.runners.model.FrameworkMethod.invokeExplosively(FrameworkMethod.java:47)
	at org.junit.internal.runners.statements.InvokeMethod.evaluate(InvokeMethod.java:17)
	at org.junit.internal.runners.statements.RunBefores.evaluate(RunBefores.java:26)
	at org.junit.internal.runners.statements.RunAfters.evaluate(RunAfters.java:27)
	at org.junit.runners.ParentRunner.runLeaf(ParentRunner.java:325)
	at org.junit.runners.BlockJUnit4ClassRunner.runChild(BlockJUnit4ClassRunner.java:78)
	at org.junit.runners.BlockJUnit4ClassRunner.runChild(BlockJUnit4ClassRunner.java:57)
	at org.junit.runners.ParentRunner$3.run(ParentRunner.java:290)
	at org.junit.runners.ParentRunner$1.schedule(ParentRunner.java:71)
	at org.junit.runners.ParentRunner.runChildren(ParentRunner.java:288)
	at org.junit.runners.ParentRunner.access$000(ParentRunner.java:58)
	at org.junit.runners.ParentRunner$2.evaluate(ParentRunner.java:268)
	at org.junit.runners.ParentRunner.run(ParentRunner.java:363)
	at org.gradle.api.internal.tasks.testing.junit.JUnitTestClassExecuter.runTestClass(JUnitTestClassExecuter.java:114)
	at org.gradle.api.internal.tasks.testing.junit.JUnitTestClassExecuter.execute(JUnitTestClassExecuter.java:57)
	at org.gradle.api.internal.tasks.testing.junit.JUnitTestClassProcessor.processTestClass(JUnitTestClassProcessor.java:66)
	at org.gradle.api.internal.tasks.testing.SuiteTestClassProcessor.processTestClass(SuiteTestClassProcessor.java:51)
	at sun.reflect.NativeMethodAccessorImpl.invoke0(Native Method)
	at sun.reflect.NativeMethodAccessorImpl.invoke(NativeMethodAccessorImpl.java:62)
	at sun.reflect.DelegatingMethodAccessorImpl.invoke(DelegatingMethodAccessorImpl.java:43)
	at java.lang.reflect.Method.invoke(Method.java:498)
	at org.gradle.internal.dispatch.ReflectionDispatch.dispatch(ReflectionDispatch.java:35)
	at org.gradle.internal.dispatch.ReflectionDispatch.dispatch(ReflectionDispatch.java:24)
	at org.gradle.internal.dispatch.ContextClassLoaderDispatch.dispatch(ContextClassLoaderDispatch.java:32)
	at org.gradle.internal.dispatch.ProxyDispatchAdapter$DispatchingInvocationHandler.invoke(ProxyDispatchAdapter.java:93)
	at com.sun.proxy.$Proxy1.processTestClass(Unknown Source)
	at org.gradle.api.internal.tasks.testing.worker.TestWorker.processTestClass(TestWorker.java:109)
	at sun.reflect.NativeMethodAccessorImpl.invoke0(Native Method)
	at sun.reflect.NativeMethodAccessorImpl.invoke(NativeMethodAccessorImpl.java:62)
	at sun.reflect.DelegatingMethodAccessorImpl.invoke(DelegatingMethodAccessorImpl.java:43)
	at java.lang.reflect.Method.invoke(Method.java:498)
	at org.gradle.internal.dispatch.ReflectionDispatch.dispatch(ReflectionDispatch.java:35)
	at org.gradle.internal.dispatch.ReflectionDispatch.dispatch(ReflectionDispatch.java:24)
	at org.gradle.internal.remote.internal.hub.MessageHubBackedObjectConnection$DispatchWrapper.dispatch(MessageHubBackedObjectConnection.java:146)
	at org.gradle.internal.remote.internal.hub.MessageHubBackedObjectConnection$DispatchWrapper.dispatch(MessageHubBackedObjectConnection.java:128)
	at org.gradle.internal.remote.internal.hub.MessageHub$Handler.run(MessageHub.java:404)
	at org.gradle.internal.concurrent.ExecutorPolicy$CatchAndRecordFailures.onExecute(ExecutorPolicy.java:63)
	at org.gradle.internal.concurrent.StoppableExecutorImpl$1.run(StoppableExecutorImpl.java:46)
	at java.util.concurrent.ThreadPoolExecutor.runWorker(ThreadPoolExecutor.java:1149)
	at java.util.concurrent.ThreadPoolExecutor$Worker.run(ThreadPoolExecutor.java:624)
	at org.gradle.internal.concurrent.ThreadFactoryImpl$ManagedThreadRunnable.run(ThreadFactoryImpl.java:55)
	at java.lang.Thread.run(Thread.java:748)
</failure>
    <failure message="org.openqa.selenium.NoSuchSessionException: A session is either terminated or not started (WARNING: The server did not provide any stacktrace information)&#10;Command duration or timeout: 0 milliseconds&#10;Build info: version: '3.141.59', revision: 'e82be7d358', time: '2018-11-14T08:17:03'&#10;System info: host: 'SL-0465', ip: '2605:e000:1301:5c1:0:0:0:11f0%en0', os.name: 'Mac OS X', os.arch: 'x86_64', os.version: '10.15.7', java.version: '1.8.0_272'&#10;Driver info: io.appium.java_client.ios.IOSDriver&#10;Capabilities {additionalWebviewBundleIds: [6BC3K2C3E4.*], appiumVersion: 1.18.1, automationName: XCUITest, browserName: , bundleId: com.saucelabs.SwagLabsMobil..., commandTimeouts: {default: 60000}, databaseEnabled: false, deviceContextId: 71f85346-dfb7-4a72-a566-511..., deviceName: 8a39b4149b02ccd6c416c297252..., deviceOrientation: portrait, javascriptEnabled: true, language: en, locale: en_GB, locationContextEnabled: false, name: RDC IOS Simple Test, networkConnectionEnabled: false, noReset: true, orientation: PORTRAIT, platform: MAC, platformName: iOS, platformVersion: 13.5.1, processArguments: {args: [-AppleLanguages, (en-GB), -AppleLocale, en_GB, -NSLanguages, (en), -AppleLanguages, (en), -NSLanguages, (en), -AppleLocale, en_GB], env: {}}, realDevice: true, takesScreenshot: true, testobject_appium_version: 1.18.1, testobject_device: iPhone_7_13_5_real_us, testobject_device_name: iPhone 7, testobject_device_session_id: 6dd2f075-68ad-4c5c-a3dc-10d..., testobject_platform_name: iOS, testobject_project_id: saucelabs-default, testobject_test_name: RDC IOS Simple Test, testobject_test_report_api_url: https://api.us-west-1.sauce..., testobject_test_report_id: 9, testobject_test_report_url: https://app.saucelabs.com/t..., testobject_user_id: aleks.shineleva, udid: 8a39b4149b02ccd6c416c297252..., webDriverAgentUrl: http://127.0.0.1:5710, webStorageEnabled: false}&#10;Session ID: caf3cfa2-d32a-4d88-8fba-49a125b177a1" type="org.openqa.selenium.NoSuchSessionException">org.openqa.selenium.NoSuchSessionException: A session is either terminated or not started (WARNING: The server did not provide any stacktrace information)
Command duration or timeout: 0 milliseconds
Build info: version: '3.141.59', revision: 'e82be7d358', time: '2018-11-14T08:17:03'
System info: host: 'SL-0465', ip: '2605:e000:1301:5c1:0:0:0:11f0%en0', os.name: 'Mac OS X', os.arch: 'x86_64', os.version: '10.15.7', java.version: '1.8.0_272'
Driver info: io.appium.java_client.ios.IOSDriver
Capabilities {additionalWebviewBundleIds: [6BC3K2C3E4.*], appiumVersion: 1.18.1, automationName: XCUITest, browserName: , bundleId: com.saucelabs.SwagLabsMobil..., commandTimeouts: {default: 60000}, databaseEnabled: false, deviceContextId: 71f85346-dfb7-4a72-a566-511..., deviceName: 8a39b4149b02ccd6c416c297252..., deviceOrientation: portrait, javascriptEnabled: true, language: en, locale: en_GB, locationContextEnabled: false, name: RDC IOS Simple Test, networkConnectionEnabled: false, noReset: true, orientation: PORTRAIT, platform: MAC, platformName: iOS, platformVersion: 13.5.1, processArguments: {args: [-AppleLanguages, (en-GB), -AppleLocale, en_GB, -NSLanguages, (en), -AppleLanguages, (en), -NSLanguages, (en), -AppleLocale, en_GB], env: {}}, realDevice: true, takesScreenshot: true, testobject_appium_version: 1.18.1, testobject_device: iPhone_7_13_5_real_us, testobject_device_name: iPhone 7, testobject_device_session_id: 6dd2f075-68ad-4c5c-a3dc-10d..., testobject_platform_name: iOS, testobject_project_id: saucelabs-default, testobject_test_name: RDC IOS Simple Test, testobject_test_report_api_url: https://api.us-west-1.sauce..., testobject_test_report_id: 9, testobject_test_report_url: https://app.saucelabs.com/t..., testobject_user_id: aleks.shineleva, udid: 8a39b4149b02ccd6c416c297252..., webDriverAgentUrl: http://127.0.0.1:5710, webStorageEnabled: false}
Session ID: caf3cfa2-d32a-4d88-8fba-49a125b177a1
	at sun.reflect.NativeConstructorAccessorImpl.newInstance0(Native Method)
	at sun.reflect.NativeConstructorAccessorImpl.newInstance(NativeConstructorAccessorImpl.java:62)
	at sun.reflect.DelegatingConstructorAccessorImpl.newInstance(DelegatingConstructorAccessorImpl.java:45)
	at java.lang.reflect.Constructor.newInstance(Constructor.java:423)
	at org.openqa.selenium.remote.ErrorHandler.createThrowable(ErrorHandler.java:214)
	at org.openqa.selenium.remote.ErrorHandler.throwIfResponseFailed(ErrorHandler.java:166)
	at org.openqa.selenium.remote.http.JsonHttpResponseCodec.reconstructValue(JsonHttpResponseCodec.java:40)
	at org.openqa.selenium.remote.http.AbstractHttpResponseCodec.decode(AbstractHttpResponseCodec.java:80)
	at org.openqa.selenium.remote.http.AbstractHttpResponseCodec.decode(AbstractHttpResponseCodec.java:44)
	at org.openqa.selenium.remote.HttpCommandExecutor.execute(HttpCommandExecutor.java:158)
	at io.appium.java_client.remote.AppiumCommandExecutor.execute(AppiumCommandExecutor.java:239)
	at org.openqa.selenium.remote.RemoteWebDriver.execute(RemoteWebDriver.java:552)
	at io.appium.java_client.DefaultGenericMobileDriver.execute(DefaultGenericMobileDriver.java:46)
	at io.appium.java_client.AppiumDriver.execute(AppiumDriver.java:1)
	at io.appium.java_client.ios.IOSDriver.execute(IOSDriver.java:1)
	at org.openqa.selenium.remote.RemoteWebDriver.quit(RemoteWebDriver.java:452)
	at RDC_Simple_Test_iOS.cleanUpAfterTestMethod(RDC_Simple_Test_iOS.java:61)
	at sun.reflect.NativeMethodAccessorImpl.invoke0(Native Method)
	at sun.reflect.NativeMethodAccessorImpl.invoke(NativeMethodAccessorImpl.java:62)
	at sun.reflect.DelegatingMethodAccessorImpl.invoke(DelegatingMethodAccessorImpl.java:43)
	at java.lang.reflect.Method.invoke(Method.java:498)
	at org.junit.runners.model.FrameworkMethod$1.runReflectiveCall(FrameworkMethod.java:50)
	at org.junit.internal.runners.model.ReflectiveCallable.run(ReflectiveCallable.java:12)
	at org.junit.runners.model.FrameworkMethod.invokeExplosively(FrameworkMethod.java:47)
	at org.junit.internal.runners.statements.RunAfters.evaluate(RunAfters.java:33)
	at org.junit.runners.ParentRunner.runLeaf(ParentRunner.java:325)
	at org.junit.runners.BlockJUnit4ClassRunner.runChild(BlockJUnit4ClassRunner.java:78)
	at org.junit.runners.BlockJUnit4ClassRunner.runChild(BlockJUnit4ClassRunner.java:57)
	at org.junit.runners.ParentRunner$3.run(ParentRunner.java:290)
	at org.junit.runners.ParentRunner$1.schedule(ParentRunner.java:71)
	at org.junit.runners.ParentRunner.runChildren(ParentRunner.java:288)
	at org.junit.runners.ParentRunner.access$000(ParentRunner.java:58)
	at org.junit.runners.ParentRunner$2.evaluate(ParentRunner.java:268)
	at org.junit.runners.ParentRunner.run(ParentRunner.java:363)
	at org.gradle.api.internal.tasks.testing.junit.JUnitTestClassExecuter.runTestClass(JUnitTestClassExecuter.java:114)
	at org.gradle.api.internal.tasks.testing.junit.JUnitTestClassExecuter.execute(JUnitTestClassExecuter.java:57)
	at org.gradle.api.internal.tasks.testing.junit.JUnitTestClassProcessor.processTestClass(JUnitTestClassProcessor.java:66)
	at org.gradle.api.internal.tasks.testing.SuiteTestClassProcessor.processTestClass(SuiteTestClassProcessor.java:51)
	at sun.reflect.NativeMethodAccessorImpl.invoke0(Native Method)
	at sun.reflect.NativeMethodAccessorImpl.invoke(NativeMethodAccessorImpl.java:62)
	at sun.reflect.DelegatingMethodAccessorImpl.invoke(DelegatingMethodAccessorImpl.java:43)
	at java.lang.reflect.Method.invoke(Method.java:498)
	at org.gradle.internal.dispatch.ReflectionDispatch.dispatch(ReflectionDispatch.java:35)
	at org.gradle.internal.dispatch.ReflectionDispatch.dispatch(ReflectionDispatch.java:24)
	at org.gradle.internal.dispatch.ContextClassLoaderDispatch.dispatch(ContextClassLoaderDispatch.java:32)
	at org.gradle.internal.dispatch.ProxyDispatchAdapter$DispatchingInvocationHandler.invoke(ProxyDispatchAdapter.java:93)
	at com.sun.proxy.$Proxy1.processTestClass(Unknown Source)
	at org.gradle.api.internal.tasks.testing.worker.TestWorker.processTestClass(TestWorker.java:109)
	at sun.reflect.NativeMethodAccessorImpl.invoke0(Native Method)
	at sun.reflect.NativeMethodAccessorImpl.invoke(NativeMethodAccessorImpl.java:62)
	at sun.reflect.DelegatingMethodAccessorImpl.invoke(DelegatingMethodAccessorImpl.java:43)
	at java.lang.reflect.Method.invoke(Method.java:498)
	at org.gradle.internal.dispatch.ReflectionDispatch.dispatch(ReflectionDispatch.java:35)
	at org.gradle.internal.dispatch.ReflectionDispatch.dispatch(ReflectionDispatch.java:24)
	at org.gradle.internal.remote.internal.hub.MessageHubBackedObjectConnection$DispatchWrapper.dispatch(MessageHubBackedObjectConnection.java:146)
	at org.gradle.internal.remote.internal.hub.MessageHubBackedObjectConnection$DispatchWrapper.dispatch(MessageHubBackedObjectConnection.java:128)
	at org.gradle.internal.remote.internal.hub.MessageHub$Handler.run(MessageHub.java:404)
	at org.gradle.internal.concurrent.ExecutorPolicy$CatchAndRecordFailures.onExecute(ExecutorPolicy.java:63)
	at org.gradle.internal.concurrent.StoppableExecutorImpl$1.run(StoppableExecutorImpl.java:46)
	at java.util.concurrent.ThreadPoolExecutor.runWorker(ThreadPoolExecutor.java:1149)
	at java.util.concurrent.ThreadPoolExecutor$Worker.run(ThreadPoolExecutor.java:624)
	at org.gradle.internal.concurrent.ThreadFactoryImpl$ManagedThreadRunnable.run(ThreadFactoryImpl.java:55)
	at java.lang.Thread.run(Thread.java:748)
</failure>
  </testcase>
  <system-out><![CDATA[]]></system-out>
  <system-err><![CDATA[Nov 24, 2020 9:43:12 AM io.appium.java_client.remote.AppiumCommandExecutor$1 lambda$0
INFO: Detected dialect: OSS
]]></system-err>
</testsuite>
